2017-04-06 22:44:34,975 [Worker-31] INFO  o.e.m.c.i.l.LifecycleMappingFactory - Using org.eclipse.m2e.jdt.JarLifecycleMapping lifecycle mapping for MavenProject: CakeFactory-DP:CakeFactory-DP:0.0.1-SNAPSHOT @ D:\DesignPatterns\CakeFactory-DP\pom.xml.
2017-04-06 22:44:39,672 [Worker-35] WARN  o.e.m.c.i.embedder.EclipseLogger - Using platform encoding (Cp1252 actually) to copy filtered resources, i.e. build is platform dependent!
2017-04-06 22:44:39,728 [Worker-35] INFO  o.e.m.c.i.embedder.EclipseLogger - skip non existing resourceDirectory D:\DesignPatterns\CakeFactory-DP\src\main\resources
2017-04-06 22:44:39,732 [Worker-35] WARN  o.e.m.c.i.embedder.EclipseLogger - Using platform encoding (Cp1252 actually) to copy filtered resources, i.e. build is platform dependent!
2017-04-06 22:44:39,744 [Worker-35] INFO  o.e.m.c.i.embedder.EclipseLogger - skip non existing resourceDirectory D:\DesignPatterns\CakeFactory-DP\src\test\resources
2017-04-06 22:44:39,827 [Worker-31] INFO  o.e.m.j.i.AbstractJavaProjectConfigurator - Adding source folder /CakeFactory-DP/src
2017-04-06 22:44:39,830 [Worker-31] INFO  o.e.m.j.i.AbstractJavaProjectConfigurator - Not adding source folder /CakeFactory-DP/src/test/java because it overlaps with /CakeFactory-DP/src
2017-04-06 22:44:40,560 [Worker-31] INFO  o.e.m.c.i.p.ProjectConfigurationManager - Update started
2017-04-06 22:44:41,625 [Worker-31] INFO  o.e.m.c.i.l.LifecycleMappingFactory - Using org.eclipse.m2e.jdt.JarLifecycleMapping lifecycle mapping for MavenProject: CakeFactory-DP:CakeFactory-DP:0.0.1-SNAPSHOT @ D:\DesignPatterns\CakeFactory-DP\pom.xml.
2017-04-06 22:44:42,304 [Worker-31] INFO  o.e.m.j.i.AbstractJavaProjectConfigurator - Adding source folder /CakeFactory-DP/src
2017-04-06 22:44:42,305 [Worker-31] INFO  o.e.m.j.i.AbstractJavaProjectConfigurator - Not adding source folder /CakeFactory-DP/src/test/java because it overlaps with /CakeFactory-DP/src
2017-04-06 22:44:42,694 [Worker-31] INFO  o.e.m.c.i.p.ProjectConfigurationManager - Update completed: 2 sec
2017-04-06 22:44:42,940 [Worker-45] WARN  o.e.m.c.i.embedder.EclipseLogger - Using platform encoding (Cp1252 actually) to copy filtered resources, i.e. build is platform dependent!
2017-04-06 22:44:42,957 [Worker-45] INFO  o.e.m.c.i.embedder.EclipseLogger - skip non existing resourceDirectory D:\DesignPatterns\CakeFactory-DP\src\main\resources
2017-04-06 22:44:42,961 [Worker-45] WARN  o.e.m.c.i.embedder.EclipseLogger - Using platform encoding (Cp1252 actually) to copy filtered resources, i.e. build is platform dependent!
2017-04-06 22:44:42,973 [Worker-45] INFO  o.e.m.c.i.embedder.EclipseLogger - skip non existing resourceDirectory D:\DesignPatterns\CakeFactory-DP\src\test\resources
2017-04-06 22:44:47,104 [Worker-38] INFO  o.e.m.i.launch.MavenLaunchDelegate - D:\DesignPatterns\CakeFactory-DP
2017-04-06 22:44:47,105 [Worker-38] INFO  o.e.m.i.launch.MavenLaunchDelegate -  mvn -B clean
2017-04-06 22:44:51,433 [Worker-40] WARN  o.e.m.c.i.embedder.EclipseLogger - Using platform encoding (Cp1252 actually) to copy filtered resources, i.e. build is platform dependent!
2017-04-06 22:44:51,482 [Worker-40] INFO  o.e.m.c.i.embedder.EclipseLogger - skip non existing resourceDirectory D:\DesignPatterns\CakeFactory-DP\src\main\resources
2017-04-06 22:44:51,485 [Worker-40] WARN  o.e.m.c.i.embedder.EclipseLogger - Using platform encoding (Cp1252 actually) to copy filtered resources, i.e. build is platform dependent!
2017-04-06 22:44:51,491 [Worker-40] INFO  o.e.m.c.i.embedder.EclipseLogger - skip non existing resourceDirectory D:\DesignPatterns\CakeFactory-DP\src\test\resources
2017-04-06 22:44:58,186 [Worker-43] INFO  o.e.m.i.launch.MavenLaunchDelegate - D:\DesignPatterns\CakeFactory-DP
2017-04-06 22:44:58,186 [Worker-43] INFO  o.e.m.i.launch.MavenLaunchDelegate -  mvn -B install
2017-04-06 22:45:04,412 [Worker-45] WARN  o.e.m.c.i.embedder.EclipseLogger - Using platform encoding (Cp1252 actually) to copy filtered resources, i.e. build is platform dependent!
2017-04-06 22:45:04,457 [Worker-45] INFO  o.e.m.c.i.embedder.EclipseLogger - skip non existing resourceDirectory D:\DesignPatterns\CakeFactory-DP\src\main\resources
2017-04-06 22:45:04,459 [Worker-45] WARN  o.e.m.c.i.embedder.EclipseLogger - Using platform encoding (Cp1252 actually) to copy filtered resources, i.e. build is platform dependent!
2017-04-06 22:45:04,465 [Worker-45] INFO  o.e.m.c.i.embedder.EclipseLogger - skip non existing resourceDirectory D:\DesignPatterns\CakeFactory-DP\src\test\resources
2017-04-06 22:46:42,254 [Worker-47] INFO  o.e.m.i.launch.MavenLaunchDelegate - D:\DesignPatterns\CakeFactory-DP
2017-04-06 22:46:42,254 [Worker-47] INFO  o.e.m.i.launch.MavenLaunchDelegate -  mvn -B install
2017-04-06 22:46:49,029 [Worker-42] WARN  o.e.m.c.i.embedder.EclipseLogger - Using platform encoding (Cp1252 actually) to copy filtered resources, i.e. build is platform dependent!
2017-04-06 22:46:49,091 [Worker-42] INFO  o.e.m.c.i.embedder.EclipseLogger - skip non existing resourceDirectory D:\DesignPatterns\CakeFactory-DP\src\main\resources
2017-04-06 22:46:49,093 [Worker-42] WARN  o.e.m.c.i.embedder.EclipseLogger - Using platform encoding (Cp1252 actually) to copy filtered resources, i.e. build is platform dependent!
2017-04-06 22:46:49,102 [Worker-42] INFO  o.e.m.c.i.embedder.EclipseLogger - skip non existing resourceDirectory D:\DesignPatterns\CakeFactory-DP\src\test\resources
2017-04-06 22:46:58,349 [Worker-35] INFO  o.e.m.i.launch.MavenLaunchDelegate - D:\DesignPatterns\CakeFactory-DP
2017-04-06 22:46:58,349 [Worker-35] INFO  o.e.m.i.launch.MavenLaunchDelegate -  mvn -B clean
2017-04-06 22:47:01,847 [Worker-44] WARN  o.e.m.c.i.embedder.EclipseLogger - Using platform encoding (Cp1252 actually) to copy filtered resources, i.e. build is platform dependent!
2017-04-06 22:47:01,855 [Worker-44] INFO  o.e.m.c.i.embedder.EclipseLogger - skip non existing resourceDirectory D:\DesignPatterns\CakeFactory-DP\src\main\resources
2017-04-06 22:47:01,857 [Worker-44] WARN  o.e.m.c.i.embedder.EclipseLogger - Using platform encoding (Cp1252 actually) to copy filtered resources, i.e. build is platform dependent!
2017-04-06 22:47:01,866 [Worker-44] INFO  o.e.m.c.i.embedder.EclipseLogger - skip non existing resourceDirectory D:\DesignPatterns\CakeFactory-DP\src\test\resources
2017-04-06 22:47:08,444 [Worker-43] INFO  o.e.m.i.launch.MavenLaunchDelegate - D:\DesignPatterns\CakeFactory-DP
2017-04-06 22:47:08,445 [Worker-43] INFO  o.e.m.i.launch.MavenLaunchDelegate -  mvn -B install
2017-04-06 22:47:14,326 [Worker-45] WARN  o.e.m.c.i.embedder.EclipseLogger - Using platform encoding (Cp1252 actually) to copy filtered resources, i.e. build is platform dependent!
2017-04-06 22:47:14,388 [Worker-45] INFO  o.e.m.c.i.embedder.EclipseLogger - skip non existing resourceDirectory D:\DesignPatterns\CakeFactory-DP\src\main\resources
2017-04-06 22:47:14,390 [Worker-45] WARN  o.e.m.c.i.embedder.EclipseLogger - Using platform encoding (Cp1252 actually) to copy filtered resources, i.e. build is platform dependent!
2017-04-06 22:47:14,397 [Worker-45] INFO  o.e.m.c.i.embedder.EclipseLogger - skip non existing resourceDirectory D:\DesignPatterns\CakeFactory-DP\src\test\resources
2017-04-06 22:47:55,752 [Worker-35] WARN  o.e.m.c.i.embedder.EclipseLogger - Using platform encoding (Cp1252 actually) to copy filtered resources, i.e. build is platform dependent!
2017-04-06 22:47:55,812 [Worker-35] INFO  o.e.m.c.i.embedder.EclipseLogger - skip non existing resourceDirectory D:\DesignPatterns\CakeFactory-DP\src\main\resources
2017-04-06 22:47:55,815 [Worker-35] WARN  o.e.m.c.i.embedder.EclipseLogger - Using platform encoding (Cp1252 actually) to copy filtered resources, i.e. build is platform dependent!
2017-04-06 22:47:55,821 [Worker-35] INFO  o.e.m.c.i.embedder.EclipseLogger - skip non existing resourceDirectory D:\DesignPatterns\CakeFactory-DP\src\test\resources
2017-04-06 22:49:25,171 [Worker-40] WARN  o.e.m.c.i.embedder.EclipseLogger - Using platform encoding (Cp1252 actually) to copy filtered resources, i.e. build is platform dependent!
2017-04-06 22:49:25,181 [Worker-40] INFO  o.e.m.c.i.embedder.EclipseLogger - skip non existing resourceDirectory D:\DesignPatterns\CakeFactory-DP\src\main\resources
2017-04-06 22:49:25,185 [Worker-40] WARN  o.e.m.c.i.embedder.EclipseLogger - Using platform encoding (Cp1252 actually) to copy filtered resources, i.e. build is platform dependent!
2017-04-06 22:49:25,194 [Worker-40] INFO  o.e.m.c.i.embedder.EclipseLogger - skip non existing resourceDirectory D:\DesignPatterns\CakeFactory-DP\src\test\resources
2017-04-06 22:49:41,686 [Worker-42] INFO  o.e.m.i.launch.MavenLaunchDelegate - D:\DesignPatterns\CakeFactory-DP
2017-04-06 22:49:41,686 [Worker-42] INFO  o.e.m.i.launch.MavenLaunchDelegate -  mvn -B install
2017-04-06 22:50:38,077 [Worker-40] WARN  o.e.m.c.i.embedder.EclipseLogger - Using platform encoding (Cp1252 actually) to copy filtered resources, i.e. build is platform dependent!
2017-04-06 22:50:38,088 [Worker-40] INFO  o.e.m.c.i.embedder.EclipseLogger - skip non existing resourceDirectory D:\DesignPatterns\CakeFactory-DP\src\main\resources
2017-04-06 22:50:38,090 [Worker-40] WARN  o.e.m.c.i.embedder.EclipseLogger - Using platform encoding (Cp1252 actually) to copy filtered resources, i.e. build is platform dependent!
2017-04-06 22:50:38,096 [Worker-40] INFO  o.e.m.c.i.embedder.EclipseLogger - skip non existing resourceDirectory D:\DesignPatterns\CakeFactory-DP\src\test\resources
2017-04-06 22:50:52,625 [Worker-43] INFO  o.e.m.i.launch.MavenLaunchDelegate - D:\DesignPatterns\CakeFactory-DP
2017-04-06 22:50:52,626 [Worker-43] INFO  o.e.m.i.launch.MavenLaunchDelegate -  mvn -B install
2017-04-06 22:51:06,844 [Worker-45] WARN  o.e.m.c.i.embedder.EclipseLogger - Using platform encoding (Cp1252 actually) to copy filtered resources, i.e. build is platform dependent!
2017-04-06 22:51:06,904 [Worker-45] INFO  o.e.m.c.i.embedder.EclipseLogger - skip non existing resourceDirectory D:\DesignPatterns\CakeFactory-DP\src\main\resources
2017-04-06 22:51:06,905 [Worker-45] WARN  o.e.m.c.i.embedder.EclipseLogger - Using platform encoding (Cp1252 actually) to copy filtered resources, i.e. build is platform dependent!
2017-04-06 22:51:06,914 [Worker-45] INFO  o.e.m.c.i.embedder.EclipseLogger - skip non existing resourceDirectory D:\DesignPatterns\CakeFactory-DP\src\test\resources
2017-04-06 22:52:59,690 [Worker-45] WARN  o.e.m.c.i.embedder.EclipseLogger - Using platform encoding (Cp1252 actually) to copy filtered resources, i.e. build is platform dependent!
2017-04-06 22:52:59,700 [Worker-45] INFO  o.e.m.c.i.embedder.EclipseLogger - skip non existing resourceDirectory D:\DesignPatterns\CakeFactory-DP\src\main\resources
2017-04-06 22:52:59,703 [Worker-45] WARN  o.e.m.c.i.embedder.EclipseLogger - Using platform encoding (Cp1252 actually) to copy filtered resources, i.e. build is platform dependent!
2017-04-06 22:52:59,714 [Worker-45] INFO  o.e.m.c.i.embedder.EclipseLogger - skip non existing resourceDirectory D:\DesignPatterns\CakeFactory-DP\src\test\resources
2017-04-06 22:53:30,319 [Worker-48] WARN  o.e.m.c.i.embedder.EclipseLogger - Using platform encoding (Cp1252 actually) to copy filtered resources, i.e. build is platform dependent!
2017-04-06 22:53:30,326 [Worker-48] INFO  o.e.m.c.i.embedder.EclipseLogger - skip non existing resourceDirectory D:\DesignPatterns\CakeFactory-DP\src\main\resources
2017-04-06 22:53:30,328 [Worker-48] WARN  o.e.m.c.i.embedder.EclipseLogger - Using platform encoding (Cp1252 actually) to copy filtered resources, i.e. build is platform dependent!
2017-04-06 22:53:30,334 [Worker-48] INFO  o.e.m.c.i.embedder.EclipseLogger - skip non existing resourceDirectory D:\DesignPatterns\CakeFactory-DP\src\test\resources
2017-04-06 22:54:52,220 [Worker-45] WARN  o.e.m.c.i.embedder.EclipseLogger - Using platform encoding (Cp1252 actually) to copy filtered resources, i.e. build is platform dependent!
2017-04-06 22:54:52,226 [Worker-45] INFO  o.e.m.c.i.embedder.EclipseLogger - skip non existing resourceDirectory D:\DesignPatterns\CakeFactory-DP\src\main\resources
2017-04-06 22:54:52,227 [Worker-45] WARN  o.e.m.c.i.embedder.EclipseLogger - Using platform encoding (Cp1252 actually) to copy filtered resources, i.e. build is platform dependent!
2017-04-06 22:54:52,236 [Worker-45] INFO  o.e.m.c.i.embedder.EclipseLogger - skip non existing resourceDirectory D:\DesignPatterns\CakeFactory-DP\src\test\resources
2017-04-06 22:55:27,466 [Worker-45] WARN  o.e.m.c.i.embedder.EclipseLogger - Using platform encoding (Cp1252 actually) to copy filtered resources, i.e. build is platform dependent!
2017-04-06 22:55:27,473 [Worker-45] INFO  o.e.m.c.i.embedder.EclipseLogger - skip non existing resourceDirectory D:\DesignPatterns\CakeFactory-DP\src\main\resources
2017-04-06 22:55:27,474 [Worker-45] WARN  o.e.m.c.i.embedder.EclipseLogger - Using platform encoding (Cp1252 actually) to copy filtered resources, i.e. build is platform dependent!
2017-04-06 22:55:27,483 [Worker-45] INFO  o.e.m.c.i.embedder.EclipseLogger - skip non existing resourceDirectory D:\DesignPatterns\CakeFactory-DP\src\test\resources
2017-04-06 22:55:47,663 [Worker-40] WARN  o.e.m.c.i.embedder.EclipseLogger - Using platform encoding (Cp1252 actually) to copy filtered resources, i.e. build is platform dependent!
2017-04-06 22:55:47,671 [Worker-40] INFO  o.e.m.c.i.embedder.EclipseLogger - skip non existing resourceDirectory D:\DesignPatterns\CakeFactory-DP\src\main\resources
2017-04-06 22:55:47,674 [Worker-40] WARN  o.e.m.c.i.embedder.EclipseLogger - Using platform encoding (Cp1252 actually) to copy filtered resources, i.e. build is platform dependent!
2017-04-06 22:55:47,681 [Worker-40] INFO  o.e.m.c.i.embedder.EclipseLogger - skip non existing resourceDirectory D:\DesignPatterns\CakeFactory-DP\src\test\resources
2017-04-06 23:09:56,011 [Worker-45] WARN  o.e.m.c.i.embedder.EclipseLogger - Using platform encoding (Cp1252 actually) to copy filtered resources, i.e. build is platform dependent!
2017-04-06 23:09:56,020 [Worker-45] INFO  o.e.m.c.i.embedder.EclipseLogger - skip non existing resourceDirectory D:\DesignPatterns\CakeFactory-DP\src\main\resources
2017-04-06 23:09:56,026 [Worker-45] WARN  o.e.m.c.i.embedder.EclipseLogger - Using platform encoding (Cp1252 actually) to copy filtered resources, i.e. build is platform dependent!
2017-04-06 23:09:56,032 [Worker-45] INFO  o.e.m.c.i.embedder.EclipseLogger - skip non existing resourceDirectory D:\DesignPatterns\CakeFactory-DP\src\test\resources
2017-04-06 23:11:35,346 [Worker-53] WARN  o.e.m.c.i.embedder.EclipseLogger - Using platform encoding (Cp1252 actually) to copy filtered resources, i.e. build is platform dependent!
2017-04-06 23:11:35,370 [Worker-53] INFO  o.e.m.c.i.embedder.EclipseLogger - skip non existing resourceDirectory D:\DesignPatterns\CakeFactory-DP\src\main\resources
2017-04-06 23:11:35,372 [Worker-53] WARN  o.e.m.c.i.embedder.EclipseLogger - Using platform encoding (Cp1252 actually) to copy filtered resources, i.e. build is platform dependent!
2017-04-06 23:11:35,379 [Worker-53] INFO  o.e.m.c.i.embedder.EclipseLogger - skip non existing resourceDirectory D:\DesignPatterns\CakeFactory-DP\src\test\resources
2017-04-06 23:11:39,532 [Worker-42] WARN  o.e.m.c.i.embedder.EclipseLogger - Using platform encoding (Cp1252 actually) to copy filtered resources, i.e. build is platform dependent!
2017-04-06 23:11:39,539 [Worker-42] INFO  o.e.m.c.i.embedder.EclipseLogger - skip non existing resourceDirectory D:\DesignPatterns\CakeFactory-DP\src\main\resources
2017-04-06 23:11:39,541 [Worker-42] WARN  o.e.m.c.i.embedder.EclipseLogger - Using platform encoding (Cp1252 actually) to copy filtered resources, i.e. build is platform dependent!
2017-04-06 23:11:39,548 [Worker-42] INFO  o.e.m.c.i.embedder.EclipseLogger - skip non existing resourceDirectory D:\DesignPatterns\CakeFactory-DP\src\test\resources
2017-04-06 23:12:38,060 [Worker-54] WARN  o.e.m.c.i.embedder.EclipseLogger - Using platform encoding (Cp1252 actually) to copy filtered resources, i.e. build is platform dependent!
2017-04-06 23:12:38,068 [Worker-54] INFO  o.e.m.c.i.embedder.EclipseLogger - skip non existing resourceDirectory D:\DesignPatterns\CakeFactory-DP\src\main\resources
2017-04-06 23:12:38,069 [Worker-54] WARN  o.e.m.c.i.embedder.EclipseLogger - Using platform encoding (Cp1252 actually) to copy filtered resources, i.e. build is platform dependent!
2017-04-06 23:12:38,077 [Worker-54] INFO  o.e.m.c.i.embedder.EclipseLogger - skip non existing resourceDirectory D:\DesignPatterns\CakeFactory-DP\src\test\resources
2017-04-06 23:13:56,457 [Worker-42] WARN  o.e.m.c.i.embedder.EclipseLogger - Using platform encoding (Cp1252 actually) to copy filtered resources, i.e. build is platform dependent!
2017-04-06 23:13:56,466 [Worker-42] INFO  o.e.m.c.i.embedder.EclipseLogger - skip non existing resourceDirectory D:\DesignPatterns\CakeFactory-DP\src\main\resources
2017-04-06 23:13:56,469 [Worker-42] WARN  o.e.m.c.i.embedder.EclipseLogger - Using platform encoding (Cp1252 actually) to copy filtered resources, i.e. build is platform dependent!
2017-04-06 23:13:56,477 [Worker-42] INFO  o.e.m.c.i.embedder.EclipseLogger - skip non existing resourceDirectory D:\DesignPatterns\CakeFactory-DP\src\test\resources
2017-04-06 23:14:45,022 [Worker-42] WARN  o.e.m.c.i.embedder.EclipseLogger - Using platform encoding (Cp1252 actually) to copy filtered resources, i.e. build is platform dependent!
2017-04-06 23:14:45,028 [Worker-42] INFO  o.e.m.c.i.embedder.EclipseLogger - skip non existing resourceDirectory D:\DesignPatterns\CakeFactory-DP\src\main\resources
2017-04-06 23:14:45,029 [Worker-42] WARN  o.e.m.c.i.embedder.EclipseLogger - Using platform encoding (Cp1252 actually) to copy filtered resources, i.e. build is platform dependent!
2017-04-06 23:14:45,037 [Worker-42] INFO  o.e.m.c.i.embedder.EclipseLogger - skip non existing resourceDirectory D:\DesignPatterns\CakeFactory-DP\src\test\resources
2017-04-06 23:18:47,518 [Worker-50] WARN  o.e.m.c.i.embedder.EclipseLogger - Using platform encoding (Cp1252 actually) to copy filtered resources, i.e. build is platform dependent!
2017-04-06 23:18:47,525 [Worker-50] INFO  o.e.m.c.i.embedder.EclipseLogger - skip non existing resourceDirectory D:\DesignPatterns\CakeFactory-DP\src\main\resources
2017-04-06 23:18:47,528 [Worker-50] WARN  o.e.m.c.i.embedder.EclipseLogger - Using platform encoding (Cp1252 actually) to copy filtered resources, i.e. build is platform dependent!
2017-04-06 23:18:47,535 [Worker-50] INFO  o.e.m.c.i.embedder.EclipseLogger - skip non existing resourceDirectory D:\DesignPatterns\CakeFactory-DP\src\test\resources
2017-04-06 23:18:57,488 [Worker-54] WARN  o.e.m.c.i.embedder.EclipseLogger - Using platform encoding (Cp1252 actually) to copy filtered resources, i.e. build is platform dependent!
2017-04-06 23:18:57,495 [Worker-54] INFO  o.e.m.c.i.embedder.EclipseLogger - skip non existing resourceDirectory D:\DesignPatterns\CakeFactory-DP\src\main\resources
2017-04-06 23:18:57,497 [Worker-54] WARN  o.e.m.c.i.embedder.EclipseLogger - Using platform encoding (Cp1252 actually) to copy filtered resources, i.e. build is platform dependent!
2017-04-06 23:18:57,504 [Worker-54] INFO  o.e.m.c.i.embedder.EclipseLogger - skip non existing resourceDirectory D:\DesignPatterns\CakeFactory-DP\src\test\resources
2017-04-06 23:20:22,845 [Worker-40] WARN  o.e.m.c.i.embedder.EclipseLogger - Using platform encoding (Cp1252 actually) to copy filtered resources, i.e. build is platform dependent!
2017-04-06 23:20:22,852 [Worker-40] INFO  o.e.m.c.i.embedder.EclipseLogger - skip non existing resourceDirectory D:\DesignPatterns\CakeFactory-DP\src\main\resources
2017-04-06 23:20:22,854 [Worker-40] WARN  o.e.m.c.i.embedder.EclipseLogger - Using platform encoding (Cp1252 actually) to copy filtered resources, i.e. build is platform dependent!
2017-04-06 23:20:22,860 [Worker-40] INFO  o.e.m.c.i.embedder.EclipseLogger - skip non existing resourceDirectory D:\DesignPatterns\CakeFactory-DP\src\test\resources
2017-04-06 23:40:23,667 [Worker-53] WARN  o.e.m.c.i.embedder.EclipseLogger - Using platform encoding (Cp1252 actually) to copy filtered resources, i.e. build is platform dependent!
2017-04-06 23:40:23,739 [Worker-53] INFO  o.e.m.c.i.embedder.EclipseLogger - skip non existing resourceDirectory D:\DesignPatterns\CakeFactory-DP\src\main\resources
2017-04-06 23:40:23,741 [Worker-53] WARN  o.e.m.c.i.embedder.EclipseLogger - Using platform encoding (Cp1252 actually) to copy filtered resources, i.e. build is platform dependent!
2017-04-06 23:40:23,747 [Worker-53] INFO  o.e.m.c.i.embedder.EclipseLogger - skip non existing resourceDirectory D:\DesignPatterns\CakeFactory-DP\src\test\resources
